ERROR 2020-11-30 13:29:57,253 - unsupported operand type(s) for +: 'NoneType' and 'str'
Traceback (most recent call last):
  File "/home/ogulcan/.opt/nrpStorage/scene_understanding_icub_holodeck_0_1/spawn_object.py", line 23, in inner
    return func(*args, **kwargs)
  File "/home/ogulcan/.opt/nrpStorage/scene_understanding_icub_holodeck_0_1/spawn_object.py", line 46, in spawn
    model_dir = room_name + '/' + object_name
TypeError: unsupported operand type(s) for +: 'NoneType' and 'str'
INFO 2020-11-30 13:30:31,313 - Trying to spawn object Trash_01 in None...
INFO 2020-11-30 13:30:31,649 - success: True
status_message: "SpawnEntity: Successfully spawned entity"
INFO 2020-11-30 13:30:31,652 - Succesfully spawned Trash_01 model at position: 
  x: -1.45009927805
  y: 0.538636802435
  z: 0.6301451205450407
orientation: 
  x: -0.03204663363059145
  y: 0.9994863747310149
  z: -6.120088948028647e-17
  w: 1.962290364957587e-18 position
INFO 2020-11-30 13:30:32,203 - signal_shutdown [atexit]
INFO 2020-11-30 13:31:36,094 - Trying to spawn object Ball_01 in None...
INFO 2020-11-30 13:31:37,854 - success: True
status_message: "SpawnEntity: Successfully spawned entity"
INFO 2020-11-30 13:31:39,107 - Succesfully spawned Ball_01 model at position: 
  x: -1.69214501979
  y: 0.444000245556
  z: 0.49795298500402563
orientation: 
  x: -0.3366806691841321
  y: -0.9416188862792234
  z: 5.765752775492733e-17
  w: 2.0615745192556813e-17 position
INFO 2020-11-30 13:31:44,780 - signal_shutdown [atexit]
INFO 2020-11-30 13:32:06,726 - Trying to spawn object Trash_01 in None...
INFO 2020-11-30 13:32:09,858 - success: False
status_message: "SpawnEntity: Failure - entity already exists."
INFO 2020-11-30 13:32:10,784 - Succesfully spawned Trash_01 model at position: 
  x: -1.76153173978
  y: 0.425411041996
  z: 0.9870774691830789
orientation: 
  x: -0.8268292898289191
  y: -0.5624529540157162
  z: 3.4440310490316013e-17
  w: 5.062869216151325e-17 position
INFO 2020-11-30 13:32:12,260 - signal_shutdown [atexit]
INFO 2020-11-30 13:34:14,180 - Trying to spawn object CoffeeTable_0 in None...
INFO 2020-11-30 13:34:14,332 - success: True
status_message: "SpawnEntity: Successfully spawned entity"
INFO 2020-11-30 13:34:14,334 - Succesfully spawned CoffeeTable_0 model at position: 
  x: -1.13182507718
  y: 0.694379449174
  z: 0.4594416893296054
orientation: 
  x: -0.6497503082672224
  y: -0.7601477072955292
  z: 4.654562283093345e-17
  w: 3.9785731763222995e-17 position
INFO 2020-11-30 13:34:14,887 - signal_shutdown [atexit]
INFO 2020-11-30 13:34:44,757 - Trying to spawn object CoffeeTable_0 in None...
ERROR 2020-11-30 13:35:36,669 - transport error completing service call: unable to receive data from sender, check sender's logs for details
Traceback (most recent call last):
  File "/home/ogulcan/.opt/nrpStorage/scene_understanding_icub_holodeck_0_1/spawn_object.py", line 23, in inner
    return func(*args, **kwargs)
  File "/home/ogulcan/.opt/nrpStorage/scene_understanding_icub_holodeck_0_1/spawn_object.py", line 51, in spawn
    pose = next(poses)
  File "/home/ogulcan/.opt/nrpStorage/scene_understanding_icub_holodeck_0_1/spawn_object.py", line 38, in generate_eqdis_pos
    pos = CDP4DataCollection(path_to_models).generate_random_pose()
  File "/home/ogulcan/.opt/nrpStorage/scene_understanding_icub_holodeck_0_1/cdp4_data_collection.py", line 23, in __init__
    while self.__physics_state().sim_time < 2:
  File "/opt/ros/melodic/lib/python2.7/dist-packages/rospy/impl/tcpros_service.py", line 442, in __call__
    return self.call(*args, **kwds)
  File "/opt/ros/melodic/lib/python2.7/dist-packages/rospy/impl/tcpros_service.py", line 532, in call
    raise ServiceException("transport error completing service call: %s"%(str(e)))
ServiceException: transport error completing service call: unable to receive data from sender, check sender's logs for details
INFO 2020-11-30 13:35:38,282 - signal_shutdown [atexit]
INFO 2020-11-30 13:36:39,672 - Trying to spawn object CoffeeTable_0 in None...
INFO 2020-11-30 13:36:41,512 - success: True
status_message: "SpawnEntity: Successfully spawned entity"
INFO 2020-11-30 13:36:41,943 - Succesfully spawned CoffeeTable_0 model at position: 
  x: -0.679043905311
  y: 0.435758602955
  z: 0.6820183178143217
orientation: 
  x: -0.8846132887710829
  y: 0.46632534708034973
  z: -2.8554192183161444e-17
  w: 5.4166941628835994e-17 position
INFO 2020-11-30 13:36:51,767 - signal_shutdown [atexit]
INFO 2020-11-30 13:37:20,548 - Trying to spawn object Ball_01 in None...
INFO 2020-11-30 13:38:30,473 - Trying to spawn object Ball_01 in None...
INFO 2020-11-30 13:38:30,473 - Trying to generate position
INFO 2020-11-30 13:38:40,213 - success: True
status_message: "SpawnEntity: Successfully spawned entity"
INFO 2020-11-30 13:38:40,214 - Succesfully spawned Ball_01 model at position: 
  x: -1.02218853768
  y: 0.494157844178
  z: 0.6279394514901042
orientation: 
  x: -0.982160032555874
  y: 0.18804699000474454
  z: -1.1514557219930235e-17
  w: 6.013995700600057e-17 position
INFO 2020-11-30 13:38:40,214 - signal_shutdown [atexit]
INFO 2020-11-30 13:38:52,967 - Trying to spawn object Trash_01 in None...
INFO 2020-11-30 13:38:52,967 - Trying to generate position
INFO 2020-11-30 13:38:53,069 - success: True
status_message: "SpawnEntity: Successfully spawned entity"
INFO 2020-11-30 13:38:53,069 - Succesfully spawned Trash_01 model at position: 
  x: -0.92664260222
  y: 0.261330867469
  z: 1.0808783905835266
orientation: 
  x: -0.4901571905975918
  y: 0.871634056531453
  z: -5.337219286795335e-17
  w: 3.0013471727219997e-17 position
INFO 2020-11-30 13:38:53,070 - signal_shutdown [atexit]
INFO 2020-11-30 13:39:04,562 - Trying to spawn object CoffeeTable_0 in None...
INFO 2020-11-30 13:39:04,563 - Trying to generate position
INFO 2020-11-30 13:39:04,635 - success: False
status_message: "SpawnEntity: Failure - entity already exists."
INFO 2020-11-30 13:39:04,636 - Succesfully spawned CoffeeTable_0 model at position: 
  x: -1.12720534853
  y: 0.353476321827
  z: 0.8750491524335403
orientation: 
  x: -0.21877417437358507
  y: 0.9757755175383097
  z: -5.974901821198215e-17
  w: 1.3396054619135793e-17 position
INFO 2020-11-30 13:39:04,636 - signal_shutdown [atexit]
INFO 2020-11-30 13:41:17,288 - Trying to spawn object Dumbbell in None...
INFO 2020-11-30 13:41:17,288 - Trying to generate position
INFO 2020-11-30 13:41:17,559 - success: True
status_message: "SpawnEntity: Successfully spawned entity"
INFO 2020-11-30 13:41:17,559 - Succesfully spawned Dumbbell model at position: 
  x: -1.29202777314
  y: 0.600087878163
  z: 1.132155157471631
orientation: 
  x: -0.4616204997534746
  y: 0.887077513077269
  z: -5.4317831849283593e-17
  w: 2.826610337219471e-17 position
INFO 2020-11-30 13:41:17,559 - signal_shutdown [atexit]
INFO 2020-11-30 13:41:55,857 - Trying to spawn object Dumbbell in None...
INFO 2020-11-30 13:41:55,857 - Trying to generate position
INFO 2020-11-30 13:41:55,924 - success: False
status_message: "SpawnEntity: Failure - entity already exists."
INFO 2020-11-30 13:41:55,925 - Succesfully spawned Dumbbell model at position: 
  x: -1.91492988938
  y: 0.788415684278
  z: 0.5867134324861849
orientation: 
  x: -0.9251688166660463
  y: -0.3795558729209014
  z: 2.3241094243508076e-17
  w: 5.665025150005091e-17 position
INFO 2020-11-30 13:41:55,925 - signal_shutdown [atexit]
INFO 2020-11-30 13:43:24,129 - Trying to spawn object CoffeeTable_0 in None...
INFO 2020-11-30 13:43:24,129 - Trying to generate position
INFO 2020-11-30 13:43:24,190 - success: False
status_message: "SpawnEntity: Failure - entity already exists."
INFO 2020-11-30 13:43:24,191 - Succesfully spawned CoffeeTable_0 model at position: 
  x: -1.63472060751
  y: 0.503018696831
  z: 0.9668280094870413
orientation: 
  x: -0.588115502772341
  y: 0.8087769503384951
  z: -4.952330517280979e-17
  w: 3.6011688399954187e-17 position
INFO 2020-11-30 13:43:24,191 - signal_shutdown [atexit]
INFO 2020-11-30 13:46:06,982 - Trying to spawn object CoffeeTable_0 in None...
INFO 2020-11-30 13:46:06,982 - Trying to generate position
INFO 2020-11-30 13:46:07,040 - success: False
status_message: "SpawnEntity: Failure - entity already exists."
INFO 2020-11-30 13:46:07,040 - Succesfully spawned CoffeeTable_0 model at position: 
  x: -1.57008564133
  y: 0.0483590650304
  z: 0.3291512736077977
orientation: 
  x: -0.13079514056128214
  y: -0.9914094165406916
  z: 6.070631843055515e-17
  w: 8.008892511620116e-18 position
INFO 2020-11-30 13:46:07,041 - signal_shutdown [atexit]
INFO 2020-11-30 13:49:40,432 - Trying to spawn object CoffeeTable_0 in None...
INFO 2020-11-30 13:49:40,432 - Trying to generate position
INFO 2020-11-30 13:49:40,781 - success: True
status_message: "SpawnEntity: Successfully spawned entity"
INFO 2020-11-30 13:49:40,781 - Succesfully spawned CoffeeTable_0 model at position: 
  x: -1.52589142382
  y: 0.51072603658
  z: 1.153172704138653
orientation: 
  x: -0.9426561818408402
  y: 0.3337653709378023
  z: -2.043723465926043e-17
  w: 5.772104378939251e-17 position
INFO 2020-11-30 13:49:40,782 - signal_shutdown [atexit]
INFO 2020-11-30 13:49:46,754 - Trying to spawn object CoffeeTable_0 in None...
INFO 2020-11-30 13:49:46,754 - Trying to generate position
INFO 2020-11-30 13:49:46,813 - success: False
status_message: "SpawnEntity: Failure - entity already exists."
INFO 2020-11-30 13:49:46,813 - Succesfully spawned CoffeeTable_0 model at position: 
  x: -1.83413741667
  y: 0.590443542142
  z: 0.41907045176396485
orientation: 
  x: -0.25535108202330653
  y: -0.9668483981005123
  z: 5.920238979972691e-17
  w: 1.563574426293278e-17 position
INFO 2020-11-30 13:49:46,813 - signal_shutdown [atexit]
INFO 2020-11-30 13:49:59,856 - Trying to spawn object Ball_01 in None...
INFO 2020-11-30 13:49:59,856 - Trying to generate position
INFO 2020-11-30 13:50:00,054 - success: True
status_message: "SpawnEntity: Successfully spawned entity"
INFO 2020-11-30 13:50:00,054 - Succesfully spawned Ball_01 model at position: 
  x: -1.66307525076
  y: 0.749036638675
  z: 0.4163614898981738
orientation: 
  x: -0.7869871632779271
  y: -0.6169693710677714
  z: 3.777847827250509e-17
  w: 4.818906552391844e-17 position
INFO 2020-11-30 13:50:00,054 - signal_shutdown [atexit]
INFO 2020-11-30 13:53:11,629 - Trying to spawn object CoffeeTable2 in None...
INFO 2020-11-30 13:53:11,629 - Trying to generate position
ERROR 2020-11-30 13:53:11,661 - [Errno 2] No such file or directory: '/home/ogulcan/Documents/NRP/Models/CoffeeTable2/model.sdf'
Traceback (most recent call last):
  File "spawn_object.py", line 23, in inner
    return func(*args, **kwargs)
  File "spawn_object.py", line 55, in spawn
    obj_.add_object(model_dir, pose)
  File "/home/ogulcan/.opt/nrpStorage/scene_understanding_icub_holodeck_0_1/cdp4_data_collection.py", line 94, in add_object
    with open(self.__path_to_models + model_name + "/model.sdf", "r") as model:
IOError: [Errno 2] No such file or directory: '/home/ogulcan/Documents/NRP/Models/CoffeeTable2/model.sdf'
INFO 2020-11-30 13:53:11,661 - signal_shutdown [atexit]
INFO 2020-11-30 13:53:14,220 - Trying to spawn object CoffeeTable1 in None...
INFO 2020-11-30 13:53:14,221 - Trying to generate position
ERROR 2020-11-30 13:53:14,250 - [Errno 2] No such file or directory: '/home/ogulcan/Documents/NRP/Models/CoffeeTable1/model.sdf'
Traceback (most recent call last):
  File "spawn_object.py", line 23, in inner
    return func(*args, **kwargs)
  File "spawn_object.py", line 55, in spawn
    obj_.add_object(model_dir, pose)
  File "/home/ogulcan/.opt/nrpStorage/scene_understanding_icub_holodeck_0_1/cdp4_data_collection.py", line 94, in add_object
    with open(self.__path_to_models + model_name + "/model.sdf", "r") as model:
IOError: [Errno 2] No such file or directory: '/home/ogulcan/Documents/NRP/Models/CoffeeTable1/model.sdf'
INFO 2020-11-30 13:53:14,251 - signal_shutdown [atexit]
INFO 2020-11-30 13:53:34,113 - Trying to spawn object CoffeeTable1 in None...
INFO 2020-11-30 13:53:34,113 - Trying to generate position
INFO 2020-11-30 13:53:34,205 - success: True
status_message: "SpawnEntity: Successfully spawned entity"
INFO 2020-11-30 13:53:34,205 - Succesfully spawned CoffeeTable1 model at position: 
  x: -1.20598752581
  y: 0.513859787309
  z: 1.0153224769896219
orientation: 
  x: -0.9155984349237927
  y: 0.40209390192478844
  z: -2.4621150497443095e-17
  w: 5.606423463168744e-17 position
INFO 2020-11-30 13:53:34,205 - signal_shutdown [atexit]
INFO 2020-11-30 13:53:49,694 - Trying to spawn object Ball_01 in None...
INFO 2020-11-30 13:53:49,694 - Trying to generate position
INFO 2020-11-30 13:53:49,752 - success: False
status_message: "SpawnEntity: Failure - entity already exists."
INFO 2020-11-30 13:53:49,752 - Succesfully spawned Ball_01 model at position: 
  x: -1.74375485739
  y: 0.692372091816
  z: 1.0723913759246573
orientation: 
  x: -0.551462939636881
  y: -0.8341993923559582
  z: 5.107998078496956e-17
  w: 3.3767366193734814e-17 position
INFO 2020-11-30 13:53:49,752 - signal_shutdown [atexit]
INFO 2020-11-30 13:57:59,891 - Trying to spawn object CoffeeTable1 in None...
INFO 2020-11-30 13:57:59,891 - Trying to generate position
INFO 2020-11-30 13:58:00,009 - success: True
status_message: "SpawnEntity: Successfully spawned entity"
INFO 2020-11-30 13:58:00,010 - Succesfully spawned CoffeeTable1 model at position: 
  x: -1.18692019997
  y: 0.906939456197
  z: 0.8844714263450445
orientation: 
  x: -0.21305036296414528
  y: 0.9770412185987067
  z: -5.982652004959678e-17
  w: 1.3045572253061117e-17 position
INFO 2020-11-30 13:58:00,010 - signal_shutdown [atexit]
INFO 2020-11-30 13:58:09,215 - Trying to spawn object CoffeeTable1 in None...
INFO 2020-11-30 13:58:09,215 - Trying to generate position
INFO 2020-11-30 13:58:09,284 - success: False
status_message: "SpawnEntity: Failure - entity already exists."
INFO 2020-11-30 13:58:09,285 - Succesfully spawned CoffeeTable1 model at position: 
  x: -2.15408942847
  y: 0.457791207624
  z: 0.9233290623952098
orientation: 
  x: -0.9989035394145952
  y: 0.04681579802795405
  z: -2.8666408602231447e-18
  w: 6.11652011100523e-17 position
INFO 2020-11-30 13:58:09,285 - signal_shutdown [atexit]
INFO 2020-11-30 13:58:19,798 - Trying to spawn object Ball_01 in None...
INFO 2020-11-30 13:58:19,798 - Trying to generate position
INFO 2020-11-30 13:58:19,882 - success: True
status_message: "SpawnEntity: Successfully spawned entity"
INFO 2020-11-30 13:58:19,882 - Succesfully spawned Ball_01 model at position: 
  x: -1.68830757914
  y: 0.566268376774
  z: 1.1295838140458
orientation: 
  x: -0.5456625248341875
  y: 0.8380050172830589
  z: -5.1313008104256024e-17
  w: 3.3412193222642543e-17 position
INFO 2020-11-30 13:58:19,882 - signal_shutdown [atexit]
INFO 2020-11-30 13:58:29,366 - Trying to spawn object Ball_01 in None...
INFO 2020-11-30 13:58:29,366 - Trying to generate position
INFO 2020-11-30 13:58:29,436 - success: False
status_message: "SpawnEntity: Failure - entity already exists."
INFO 2020-11-30 13:58:29,437 - Succesfully spawned Ball_01 model at position: 
  x: -0.989688377375
  y: 0.204301336916
  z: 0.6368157684231991
orientation: 
  x: -0.4990982487260208
  y: 0.8665454045337838
  z: -5.306060279890734e-17
  w: 3.056095363811855e-17 position
INFO 2020-11-30 13:58:29,437 - signal_shutdown [atexit]
INFO 2020-11-30 13:58:54,787 - Trying to spawn object Ball_01 in None...
INFO 2020-11-30 13:58:54,787 - Trying to generate position
INFO 2020-11-30 13:58:54,851 - success: False
status_message: "SpawnEntity: Failure - entity already exists."
INFO 2020-11-30 13:58:54,851 - Succesfully spawned Ball_01 model at position: 
  x: -2.24750760308
  y: 0.168728471107
  z: 1.0466946695810653
orientation: 
  x: -0.992845757951567
  y: 0.11940394012585331
  z: -7.311382654035424e-18
  w: 6.079426897612072e-17 position
INFO 2020-11-30 13:58:54,851 - signal_shutdown [atexit]
INFO 2020-11-30 13:58:57,674 - Trying to spawn object Ball_01 in None...
INFO 2020-11-30 13:58:57,674 - Trying to generate position
INFO 2020-11-30 13:58:57,753 - success: False
status_message: "SpawnEntity: Failure - entity already exists."
INFO 2020-11-30 13:58:57,754 - Succesfully spawned Ball_01 model at position: 
  x: -0.820952675645
  y: 0.72327452505
  z: 1.1762150936308027
orientation: 
  x: -0.2321531543766495
  y: -0.972679244619197
  z: 5.955942617599825e-17
  w: 1.4215280870966256e-17 position
INFO 2020-11-30 13:58:57,754 - signal_shutdown [atexit]
INFO 2020-11-30 13:59:01,077 - Trying to spawn object Ball_01 in None...
INFO 2020-11-30 13:59:01,077 - Trying to generate position
INFO 2020-11-30 13:59:01,168 - success: False
status_message: "SpawnEntity: Failure - entity already exists."
INFO 2020-11-30 13:59:01,169 - Succesfully spawned Ball_01 model at position: 
  x: -0.181742264837
  y: 0.515605169419
  z: 1.2368228167434352
orientation: 
  x: -0.20253635719087545
  y: 0.9792747438874598
  z: -5.996328402938108e-17
  w: 1.2401775077238533e-17 position
INFO 2020-11-30 13:59:01,169 - signal_shutdown [atexit]
INFO 2020-11-30 14:01:04,559 - Trying to spawn object CookingBench1 in None...
INFO 2020-11-30 14:01:04,559 - Trying to generate position
INFO 2020-11-30 14:01:04,743 - success: True
status_message: "SpawnEntity: Successfully spawned entity"
INFO 2020-11-30 14:01:04,744 - Succesfully spawned CookingBench1 model at position: 
  x: -2.08097504682
  y: 0.207017288208
  z: 1.0126138510906415
orientation: 
  x: -0.9861667738010012
  y: 0.16575612884875468
  z: -1.0149635631684183e-17
  w: 6.03852991480434e-17 position
INFO 2020-11-30 14:01:04,744 - signal_shutdown [atexit]
INFO 2020-11-30 14:01:16,547 - Trying to spawn object CookingBench1 in None...
INFO 2020-11-30 14:01:16,547 - Trying to generate position
INFO 2020-11-30 14:01:16,631 - success: False
status_message: "SpawnEntity: Failure - entity already exists."
INFO 2020-11-30 14:01:16,631 - Succesfully spawned CookingBench1 model at position: 
  x: -0.504532345671
  y: 0.373817283649
  z: 0.5107470942650101
orientation: 
  x: -0.8219885992257331
  y: -0.5695039444489538
  z: 3.4872059133560164e-17
  w: 5.033228534887053e-17 position
INFO 2020-11-30 14:01:16,631 - signal_shutdown [atexit]
INFO 2020-11-30 14:02:55,531 - Trying to spawn object CookingBench2 in None...
INFO 2020-11-30 14:02:55,531 - Trying to generate position
INFO 2020-11-30 14:02:55,744 - success: True
status_message: "SpawnEntity: Successfully spawned entity"
INFO 2020-11-30 14:02:55,745 - Succesfully spawned CookingBench2 model at position: 
  x: -1.00492815425
  y: 0.563120118776
  z: 0.4655153450633366
orientation: 
  x: -0.8823955499565246
  y: 0.47050833511949874
  z: -2.881032632881222e-17
  w: 5.4031144291806313e-17 position
INFO 2020-11-30 14:02:55,746 - signal_shutdown [atexit]
INFO 2020-11-30 14:06:35,374 - Trying to spawn object Chair1 in None...
INFO 2020-11-30 14:06:35,374 - Trying to generate position
INFO 2020-11-30 14:06:35,667 - success: True
status_message: "SpawnEntity: Successfully spawned entity"
INFO 2020-11-30 14:06:35,668 - Succesfully spawned Chair1 model at position: 
  x: -1.95690847533
  y: 0.672064813454
  z: 0.933445893873668
orientation: 
  x: -0.07421120080224719
  y: -0.9972425470643983
  z: 6.106349466179846e-17
  w: 4.544125476167676e-18 position
INFO 2020-11-30 14:06:35,668 - signal_shutdown [atexit]
INFO 2020-11-30 14:06:53,075 - Trying to spawn object Chair1 in None...
INFO 2020-11-30 14:06:53,075 - Trying to generate position
INFO 2020-11-30 14:06:53,135 - success: False
status_message: "SpawnEntity: Failure - entity already exists."
INFO 2020-11-30 14:06:53,136 - Succesfully spawned Chair1 model at position: 
  x: -1.43307436311
  y: 0.513438054761
  z: 0.5737121339921795
orientation: 
  x: -0.48707389206811025
  y: 0.8733607637543737
  z: -5.347792319163407e-17
  w: 2.982467414347273e-17 position
INFO 2020-11-30 14:06:53,136 - signal_shutdown [atexit]
INFO 2020-11-30 14:08:37,189 - Trying to spawn object Chair1 in None...
INFO 2020-11-30 14:08:37,189 - Trying to generate position
INFO 2020-11-30 14:08:37,263 - success: False
status_message: "SpawnEntity: Failure - entity already exists."
INFO 2020-11-30 14:08:37,264 - Succesfully spawned Chair1 model at position: 
  x: -2.30282500296
  y: 0.156364905614
  z: 0.836432369236044
orientation: 
  x: -0.5994744141879444
  y: 0.800393919725794
  z: -4.900999259245986e-17
  w: 3.670722112530004e-17 position
INFO 2020-11-30 14:08:37,264 - signal_shutdown [atexit]
INFO 2020-11-30 14:08:42,176 - Trying to spawn object Chair in None...
INFO 2020-11-30 14:08:42,176 - Trying to generate position
ERROR 2020-11-30 14:08:42,240 - [Errno 2] No such file or directory: '/home/ogulcan/Documents/NRP/Models/Chair/model.sdf'
Traceback (most recent call last):
  File "spawn_object.py", line 23, in inner
    return func(*args, **kwargs)
  File "spawn_object.py", line 55, in spawn
    obj_.add_object(model_dir, pose)
  File "/home/ogulcan/.opt/nrpStorage/scene_understanding_icub_holodeck_0_1/cdp4_data_collection.py", line 94, in add_object
    with open(self.__path_to_models + model_name + "/model.sdf", "r") as model:
IOError: [Errno 2] No such file or directory: '/home/ogulcan/Documents/NRP/Models/Chair/model.sdf'
INFO 2020-11-30 14:08:42,241 - signal_shutdown [atexit]
INFO 2020-11-30 14:08:55,191 - Trying to spawn object Chair1 in None...
INFO 2020-11-30 14:08:55,191 - Trying to generate position
INFO 2020-11-30 14:08:55,268 - success: False
status_message: "SpawnEntity: Failure - entity already exists."
INFO 2020-11-30 14:08:55,268 - Succesfully spawned Chair1 model at position: 
  x: -0.874942004311
  y: 0.535749160383
  z: 1.1020859119957407
orientation: 
  x: -0.9281760174455179
  y: 0.37214147933141983
  z: -2.278709357465921e-17
  w: 5.683438944049957e-17 position
INFO 2020-11-30 14:08:55,268 - signal_shutdown [atexit]
INFO 2020-12-02 12:05:11,211 - Process is started...
INFO 2020-12-02 12:05:11,211 - Trying to spawn object Ball_01 in None...
INFO 2020-12-02 12:05:11,212 - Trying to generate position...
INFO 2020-12-02 12:05:11,434 - success: True
status_message: "SpawnEntity: Successfully spawned entity"
INFO 2020-12-02 12:05:11,434 - Succesfully spawned Ball_01 model at position: 
  x: -1.7001932945
  y: 0.114062147503
  z: 0.4638818068828299
orientation: 
  x: -0.11027555382755369
  y: -0.9939010525339161
  z: 6.085888713274229e-17
  w: 6.752430200955764e-18 position
INFO 2020-12-02 12:05:11,434 - signal_shutdown [atexit]
INFO 2020-12-02 12:14:40,058 - Process is started...
INFO 2020-12-02 12:14:40,059 - Trying to spawn object Chair1 in None...
INFO 2020-12-02 12:14:40,059 - Trying to generate position...
INFO 2020-12-02 12:14:40,347 - success: True
status_message: "SpawnEntity: Successfully spawned entity"
INFO 2020-12-02 12:14:40,348 - Succesfully spawned Chair1 model at position: 
  x: -0.948805412692
  y: 0.0235031590863
  z: 1.248633785310456
orientation: 
  x: -0.975329552273172
  y: -0.22075385492129884
  z: 1.3517275091440391e-17
  w: 5.972171071525806e-17 position
INFO 2020-12-02 12:14:40,348 - signal_shutdown [atexit]
INFO 2020-12-02 12:14:49,256 - Process is started...
INFO 2020-12-02 12:14:49,257 - Trying to spawn object Chair1 in None...
INFO 2020-12-02 12:14:49,257 - Trying to generate position...
INFO 2020-12-02 12:15:24,098 - signal_shutdown [atexit]
INFO 2020-12-02 12:17:55,911 - Process is started...
INFO 2020-12-02 12:17:55,912 - Trying to spawn object Chair1 in None...
INFO 2020-12-02 12:17:55,912 - Trying to generate position...
INFO 2020-12-02 12:17:56,181 - success: True
status_message: "SpawnEntity: Successfully spawned entity"
INFO 2020-12-02 12:17:56,182 - Succesfully spawned Chair1 model at position: 
  x: -0.991683411381
  y: 0.417745746763
  z: 0.9620660347412102
orientation: 
  x: -0.4735047069188514
  y: 0.8807912877212698
  z: -5.3932911561236425e-17
  w: 2.8993801185468846e-17 position
INFO 2020-12-02 12:17:56,182 - signal_shutdown [atexit]
INFO 2020-12-02 12:17:58,539 - Process is started...
INFO 2020-12-02 12:17:58,539 - Trying to spawn object Chair1 in None...
INFO 2020-12-02 12:17:58,539 - Trying to generate position...
INFO 2020-12-02 12:18:57,875 - signal_shutdown [atexit]
INFO 2020-12-02 12:19:02,650 - Process is started...
INFO 2020-12-02 12:19:02,651 - Trying to spawn object Ball_01 in None...
INFO 2020-12-02 12:19:02,651 - Trying to generate position...
INFO 2020-12-02 12:19:03,395 - success: True
status_message: "SpawnEntity: Successfully spawned entity"
INFO 2020-12-02 12:19:03,395 - Succesfully spawned Ball_01 model at position: 
  x: -2.00206927757
  y: 0.729203053211
  z: 1.203293810131546
orientation: 
  x: -0.9413021829086009
  y: -0.3375651055004098
  z: 2.0669901297745773e-17
  w: 5.763813526647173e-17 position
INFO 2020-12-02 12:19:03,395 - signal_shutdown [atexit]
INFO 2020-12-02 12:19:18,658 - Process is started...
INFO 2020-12-02 12:19:18,659 - Trying to spawn object Ball_01 in None...
INFO 2020-12-02 12:19:18,659 - Trying to generate position...
INFO 2020-12-02 12:19:18,743 - success: False
status_message: "SpawnEntity: Failure - entity already exists."
INFO 2020-12-02 12:19:18,743 - Succesfully spawned Ball_01 model at position: 
  x: -1.6615866816
  y: 0.325110559755
  z: 1.0011761554626069
orientation: 
  x: -0.5963783241690698
  y: 0.8027034909985704
  z: -4.915141304579027e-17
  w: 3.651764028872569e-17 position
INFO 2020-12-02 12:19:18,743 - signal_shutdown [atexit]
INFO 2020-12-02 12:19:22,724 - Process is started...
INFO 2020-12-02 12:19:22,725 - Trying to spawn object Ball_01 in None...
INFO 2020-12-02 12:19:22,726 - Trying to generate position...
INFO 2020-12-02 12:19:22,781 - success: False
status_message: "SpawnEntity: Failure - entity already exists."
INFO 2020-12-02 12:19:22,782 - Succesfully spawned Ball_01 model at position: 
  x: -0.243239609128
  y: 0.598099654455
  z: 1.0741910521137137
orientation: 
  x: -0.5635826343501613
  y: -0.8260596917044992
  z: 5.058156786752822e-17
  w: 3.450948346059791e-17 position
INFO 2020-12-02 12:19:22,782 - signal_shutdown [atexit]
INFO 2020-12-02 12:19:28,369 - Process is started...
INFO 2020-12-02 12:19:28,370 - Trying to spawn object Chair1 in None...
INFO 2020-12-02 12:19:28,370 - Trying to generate position...
INFO 2020-12-02 12:19:28,437 - success: False
status_message: "SpawnEntity: Failure - entity already exists."
INFO 2020-12-02 12:19:28,438 - Succesfully spawned Chair1 model at position: 
  x: -2.0241633162
  y: 0.662685994655
  z: 0.45258785327804074
orientation: 
  x: -0.3015853251789791
  y: 0.9534391913681173
  z: -5.838131269453027e-17
  w: 1.8466775157512522e-17 position
INFO 2020-12-02 12:19:28,438 - signal_shutdown [atexit]
INFO 2020-12-02 12:19:34,141 - Process is started...
INFO 2020-12-02 12:19:34,143 - Trying to spawn object Chair1 in None...
INFO 2020-12-02 12:19:34,143 - Trying to generate position...
INFO 2020-12-02 12:19:34,205 - success: False
status_message: "SpawnEntity: Failure - entity already exists."
INFO 2020-12-02 12:19:34,206 - Succesfully spawned Chair1 model at position: 
  x: -0.577711385592
  y: 0.74825872214
  z: 0.9915790073777261
orientation: 
  x: -0.3099251131608302
  y: 0.9507609711343049
  z: -5.821731900269278e-17
  w: 1.8977439890389596e-17 position
INFO 2020-12-02 12:19:34,206 - signal_shutdown [atexit]
INFO 2020-12-02 12:19:39,836 - Process is started...
INFO 2020-12-02 12:19:39,837 - Trying to spawn object Chair1 in None...
INFO 2020-12-02 12:19:39,837 - Trying to generate position...
INFO 2020-12-02 12:19:39,895 - success: False
status_message: "SpawnEntity: Failure - entity already exists."
INFO 2020-12-02 12:19:39,895 - Succesfully spawned Chair1 model at position: 
  x: -1.35933012778
  y: 0.552529020753
  z: 0.7694501131550331
orientation: 
  x: -0.31356586887010734
  y: 0.9495664515344541
  z: -5.814417577246897e-17
  w: 1.9200371881681782e-17 position
INFO 2020-12-02 12:19:39,896 - signal_shutdown [atexit]
INFO 2020-12-02 12:19:50,746 - Process is started...
INFO 2020-12-02 12:19:50,747 - Trying to spawn object Ball_01 in None...
INFO 2020-12-02 12:19:50,748 - Trying to generate position...
INFO 2020-12-02 12:19:50,827 - success: False
status_message: "SpawnEntity: Failure - entity already exists."
INFO 2020-12-02 12:19:50,827 - Succesfully spawned Ball_01 model at position: 
  x: -1.03189234
  y: 0.387993161606
  z: 0.5058583688690617
orientation: 
  x: -0.6830870641294182
  y: 0.7303369515634903
  z: -4.4720240501563195e-17
  w: 4.182701933125274e-17 position
INFO 2020-12-02 12:19:50,827 - signal_shutdown [atexit]
INFO 2020-12-02 12:20:33,494 - Process is started...
INFO 2020-12-02 12:20:33,495 - Trying to spawn object Co in None...
INFO 2020-12-02 12:20:33,495 - Trying to generate position...
ERROR 2020-12-02 12:20:33,543 - [Errno 2] No such file or directory: '/home/ogulcan/Documents/NRP/Models/Co/model.sdf'
Traceback (most recent call last):
  File "spawn_object.py", line 23, in inner
    return func(*args, **kwargs)
  File "spawn_object.py", line 67, in spawn
    obj_.add_object(model_dir, pose)
  File "/home/ogulcan/.opt/nrpStorage/scene_understanding_icub_holodeck_0_1/cdp4_data_collection.py", line 94, in add_object
    with open(self.__path_to_models + model_name + "/model.sdf", "r") as model:
IOError: [Errno 2] No such file or directory: '/home/ogulcan/Documents/NRP/Models/Co/model.sdf'
INFO 2020-12-02 12:20:33,543 - signal_shutdown [atexit]
INFO 2020-12-02 12:20:43,038 - Process is started...
INFO 2020-12-02 12:20:43,039 - Trying to spawn object CoffeeTable1 in None...
INFO 2020-12-02 12:20:43,039 - Trying to generate position...
INFO 2020-12-02 12:20:43,331 - success: True
status_message: "SpawnEntity: Successfully spawned entity"
INFO 2020-12-02 12:20:43,332 - Succesfully spawned CoffeeTable1 model at position: 
  x: -0.814382862158
  y: 0.607556521245
  z: 0.376654695303663
orientation: 
  x: -0.9935633948089659
  y: 0.11327744919304518
  z: -6.936243278491985e-18
  w: 6.083821156013891e-17 position
INFO 2020-12-02 12:20:43,332 - signal_shutdown [atexit]
INFO 2020-12-02 12:20:55,174 - Process is started...
INFO 2020-12-02 12:20:55,175 - Trying to spawn object CoffeeTable1 in None...
INFO 2020-12-02 12:20:55,175 - Trying to generate position...
INFO 2020-12-02 12:20:55,251 - success: False
status_message: "SpawnEntity: Failure - entity already exists."
INFO 2020-12-02 12:20:55,252 - Succesfully spawned CoffeeTable1 model at position: 
  x: -1.71003297426
  y: 0.397488712552
  z: 0.3583945928245871
orientation: 
  x: -0.6091920850700887
  y: -0.7930227004871663
  z: 4.8558635590139916e-17
  w: 3.730225685234931e-17 position
INFO 2020-12-02 12:20:55,252 - signal_shutdown [atexit]
INFO 2020-12-02 20:33:44,153 - Process is started...
INFO 2020-12-02 20:33:44,154 - Trying to spawn object sofa1 in None...
INFO 2020-12-02 20:33:44,154 - Trying to generate position...
INFO 2020-12-02 20:33:52,510 - success: True
status_message: "SpawnEntity: Successfully spawned entity"
INFO 2020-12-02 20:33:52,511 - Succesfully spawned sofa1 model at position: 
  x: -0.953576497082
  y: 0.316918561264
  z: 1.0920087802153828
orientation: 
  x: -0.5212210817260801
  y: 0.8534216917587079
  z: -5.2257007156761037e-17
  w: 3.191558646919825e-17 position
INFO 2020-12-02 20:33:52,511 - signal_shutdown [atexit]
INFO 2020-12-02 20:34:17,058 - Process is started...
INFO 2020-12-02 20:34:17,059 - Trying to spawn object Ball_01 in None...
INFO 2020-12-02 20:34:17,059 - Trying to generate position...
INFO 2020-12-02 20:34:17,209 - success: True
status_message: "SpawnEntity: Successfully spawned entity"
INFO 2020-12-02 20:34:17,209 - Succesfully spawned Ball_01 model at position: 
  x: -0.897535447837
  y: 0.126531109633
  z: 0.7794781349689512
orientation: 
  x: -0.43041873864253444
  y: 0.9026293311350843
  z: -5.5270106059554866e-17
  w: 2.6355546528581048e-17 position
INFO 2020-12-02 20:34:17,209 - signal_shutdown [atexit]
INFO 2020-12-02 20:38:09,320 - Process is started...
INFO 2020-12-02 20:38:09,321 - Trying to spawn object sofa1 in None...
INFO 2020-12-02 20:38:09,321 - Trying to generate position...
INFO 2020-12-02 20:38:15,544 - success: True
status_message: "SpawnEntity: Successfully spawned entity"
INFO 2020-12-02 20:38:15,544 - Succesfully spawned sofa1 model at position: 
  x: -0.913649752686
  y: 0.698263146968
  z: 0.32964285246056213
orientation: 
  x: -0.5085762887361308
  y: -0.8610169327808738
  z: 5.272208153708844e-17
  w: 3.114131620614713e-17 position
INFO 2020-12-02 20:38:15,544 - signal_shutdown [atexit]
INFO 2020-12-02 20:38:18,425 - Process is started...
INFO 2020-12-02 20:38:18,426 - Trying to spawn object sofa1 in None...
INFO 2020-12-02 20:38:18,426 - Trying to generate position...
INFO 2020-12-02 20:38:18,477 - success: False
status_message: "SpawnEntity: Failure - entity already exists."
INFO 2020-12-02 20:38:18,477 - Succesfully spawned sofa1 model at position: 
  x: -0.751005798044
  y: 0.425362323579
  z: 0.7564437983520078
orientation: 
  x: -0.6950209326887712
  y: -0.7189895014007024
  z: 4.402540957554608e-17
  w: 4.255775802788558e-17 position
INFO 2020-12-02 20:38:18,477 - signal_shutdown [atexit]
INFO 2020-12-02 20:38:51,307 - Process is started...
INFO 2020-12-02 20:38:51,308 - Trying to spawn object Ball_01 in None...
INFO 2020-12-02 20:38:51,308 - Trying to generate position...
INFO 2020-12-02 20:38:51,474 - success: True
status_message: "SpawnEntity: Successfully spawned entity"
INFO 2020-12-02 20:38:51,474 - Succesfully spawned Ball_01 model at position: 
  x: -0.642227958275
  y: 0.615588452963
  z: 1.0641455903177333
orientation: 
  x: -0.9516479026585348
  y: -0.3071909330784551
  z: 1.881001964608094e-17
  w: 5.827162789530333e-17 position
INFO 2020-12-02 20:38:51,475 - signal_shutdown [atexit]
INFO 2020-12-02 20:44:50,011 - Process is started...
INFO 2020-12-02 20:44:50,012 - Trying to spawn object Chair1 in None...
INFO 2020-12-02 20:44:50,012 - Trying to generate position...
INFO 2020-12-02 20:44:50,285 - success: True
status_message: "SpawnEntity: Successfully spawned entity"
INFO 2020-12-02 20:44:50,286 - Succesfully spawned Chair1 model at position: 
  x: -1.23531462317
  y: 0.129595159083
  z: 0.7717554467980016
orientation: 
  x: -0.3846838230962543
  y: -0.9230484040655992
  z: 5.652041367485044e-17
  w: 2.3555090631929724e-17 position
INFO 2020-12-02 20:44:50,286 - signal_shutdown [atexit]
INFO 2020-12-02 20:58:15,807 - Process is started...
INFO 2020-12-02 20:58:15,808 - Trying to spawn object sofa in fournitures...
INFO 2020-12-02 20:58:15,808 - Trying to generate position...
INFO 2020-12-02 20:58:15,931 - success: True
status_message: "SpawnEntity: Successfully spawned entity"
INFO 2020-12-02 20:58:15,931 - Succesfully spawned fournitures/sofa model at position: 
  x: -1.72711435151
  y: 0.354467460431
  z: 1.234163389531893
orientation: 
  x: -0.4563978824249437
  y: 0.8897757992427234
  z: -5.448305422506896e-17
  w: 2.7946310292466867e-17 position
INFO 2020-12-02 20:58:15,931 - signal_shutdown [atexit]
INFO 2020-12-02 20:58:59,478 - Process is started...
INFO 2020-12-02 20:58:59,479 - Trying to spawn object bench in fournitures...
INFO 2020-12-02 20:58:59,479 - Trying to generate position...
INFO 2020-12-02 20:58:59,705 - success: True
status_message: "SpawnEntity: Successfully spawned entity"
INFO 2020-12-02 20:58:59,706 - Succesfully spawned fournitures/bench model at position: 
  x: -0.594057185927
  y: 0.683050890948
  z: 0.6630332653737915
orientation: 
  x: -0.2631551223517948
  y: -0.96475353411118
  z: 5.907411637576768e-17
  w: 1.6113603913367778e-17 position
INFO 2020-12-02 20:58:59,706 - signal_shutdown [atexit]
INFO 2020-12-02 20:59:23,251 - Process is started...
INFO 2020-12-02 20:59:23,252 - Trying to spawn object trashcan in fournitures...
INFO 2020-12-02 20:59:23,252 - Trying to generate position...
INFO 2020-12-02 20:59:23,423 - success: True
status_message: "SpawnEntity: Successfully spawned entity"
INFO 2020-12-02 20:59:23,423 - Succesfully spawned fournitures/trashcan model at position: 
  x: -1.4071540014
  y: 0.145960051233
  z: 0.44553582620866017
orientation: 
  x: -0.9984756151848879
  y: 0.05519461822641471
  z: -3.3796956270569466e-18
  w: 6.113899830814287e-17 position
INFO 2020-12-02 20:59:23,423 - signal_shutdown [atexit]
INFO 2020-12-02 20:59:44,994 - Process is started...
INFO 2020-12-02 20:59:44,995 - Trying to spawn object computer in fournitures...
INFO 2020-12-02 20:59:44,995 - Trying to generate position...
INFO 2020-12-02 20:59:45,100 - success: True
status_message: "SpawnEntity: Successfully spawned entity"
INFO 2020-12-02 20:59:45,101 - Succesfully spawned fournitures/computer model at position: 
  x: -1.07135416691
  y: 0.698062436193
  z: 0.33070649475031466
orientation: 
  x: -0.39642799873346163
  y: -0.918065815625537
  z: 5.62153181256209e-17
  w: 2.427421398706624e-17 position
INFO 2020-12-02 20:59:45,101 - signal_shutdown [atexit]
INFO 2020-12-02 21:05:36,666 - Process is started...
INFO 2020-12-02 21:05:36,667 - Trying to spawn object computer in fournitures...
INFO 2020-12-02 21:05:36,667 - Trying to generate position...
INFO 2020-12-02 21:05:40,902 - success: True
status_message: "SpawnEntity: Successfully spawned entity"
INFO 2020-12-02 21:05:40,903 - Succesfully spawned fournitures/computer model at position: 
  x: -1.05894363701
  y: -0.245095571281
  z: 1.033343095058798
orientation: 
  x: -0.26819776670046563
  y: 0.9633638761843225
  z: -5.898902436916588e-17
  w: 1.642237682640969e-17 position
INFO 2020-12-02 21:05:40,903 - signal_shutdown [atexit]
INFO 2020-12-02 21:06:16,479 - Process is started...
INFO 2020-12-02 21:06:16,480 - Trying to spawn object trashcan in fournitures...
INFO 2020-12-02 21:06:16,480 - Trying to generate position...
INFO 2020-12-02 21:06:16,654 - success: True
status_message: "SpawnEntity: Successfully spawned entity"
INFO 2020-12-02 21:06:16,655 - Succesfully spawned fournitures/trashcan model at position: 
  x: -0.691981297627
  y: 1.47692887595
  z: 0.8796922319998415
orientation: 
  x: -0.8670547578465846
  y: 0.49821285300120516
  z: -3.050673878609984e-17
  w: 5.3091791694115163e-17 position
INFO 2020-12-02 21:06:16,655 - signal_shutdown [atexit]
INFO 2020-12-02 21:06:40,078 - Process is started...
INFO 2020-12-02 21:06:40,079 - Trying to spawn object bench in fournitures...
INFO 2020-12-02 21:06:40,079 - Trying to generate position...
INFO 2020-12-02 21:06:40,337 - success: True
status_message: "SpawnEntity: Successfully spawned entity"
INFO 2020-12-02 21:06:40,337 - Succesfully spawned fournitures/bench model at position: 
  x: -0.64458569843
  y: 0.0817421394491
  z: 0.9065500834695781
orientation: 
  x: -0.43120064460404367
  y: 0.9022560634836749
  z: -5.524725000782868e-17
  w: 2.6403424460230875e-17 position
INFO 2020-12-02 21:06:40,338 - signal_shutdown [atexit]
INFO 2020-12-02 21:08:07,989 - Process is started...
INFO 2020-12-02 21:08:07,990 - Trying to spawn object bench in fournitures...
INFO 2020-12-02 21:08:07,990 - Trying to generate position...
INFO 2020-12-02 21:08:08,057 - success: False
status_message: "SpawnEntity: Failure - entity already exists."
INFO 2020-12-02 21:08:08,058 - Succesfully spawned fournitures/bench model at position: 
  x: -1.28264692284
  y: 1.35950616609
  z: 0.8268120094230619
orientation: 
  x: -0.06417194593546836
  y: -0.9979388565212076
  z: 6.110613131917333e-17
  w: 3.929398409246417e-18 position
INFO 2020-12-02 21:08:08,058 - signal_shutdown [atexit]
INFO 2020-12-02 21:08:13,392 - Process is started...
INFO 2020-12-02 21:08:13,393 - Trying to spawn object sofa in fournitures...
INFO 2020-12-02 21:08:13,393 - Trying to generate position...
INFO 2020-12-02 21:08:13,625 - success: True
status_message: "SpawnEntity: Successfully spawned entity"
INFO 2020-12-02 21:08:13,626 - Succesfully spawned fournitures/sofa model at position: 
  x: -1.98160545377
  y: 0.42402187358
  z: 0.38918040905486073
orientation: 
  x: -0.5504765617365127
  y: 0.8348506183616008
  z: -5.111985687713615e-17
  w: 3.370696796681303e-17 position
INFO 2020-12-02 21:08:13,626 - signal_shutdown [atexit]
INFO 2020-12-02 21:08:48,462 - Process is started...
INFO 2020-12-02 21:08:48,463 - Trying to spawn object sofa in fournitures...
INFO 2020-12-02 21:08:48,463 - Trying to generate position...
INFO 2020-12-02 21:08:48,517 - success: False
status_message: "SpawnEntity: Failure - entity already exists."
INFO 2020-12-02 21:08:48,518 - Succesfully spawned fournitures/sofa model at position: 
  x: -1.3387932216
  y: 0.156916988512
  z: 1.1734070056018626
orientation: 
  x: -0.9525595541500091
  y: 0.30435225610718863
  z: -1.8636200812747203e-17
  w: 5.832745044935193e-17 position
INFO 2020-12-02 21:08:48,518 - signal_shutdown [atexit]
INFO 2020-12-02 21:09:23,838 - Process is started...
INFO 2020-12-02 21:09:23,839 - Trying to spawn object books in fournitures...
INFO 2020-12-02 21:09:23,839 - Trying to generate position...
ERROR 2020-12-02 21:09:23,870 - [Errno 2] No such file or directory: '/home/ogulcan/Documents/NRP/Models/fournitures/books/model.sdf'
Traceback (most recent call last):
  File "spawn_object.py", line 23, in inner
    return func(*args, **kwargs)
  File "spawn_object.py", line 67, in spawn
    obj_.add_object(model_dir, pose)
  File "/home/ogulcan/.opt/nrpStorage/scene_understanding_icub_holodeck_0_1/cdp4_data_collection.py", line 94, in add_object
    with open(self.__path_to_models + model_name + "/model.sdf", "r") as model:
IOError: [Errno 2] No such file or directory: '/home/ogulcan/Documents/NRP/Models/fournitures/books/model.sdf'
INFO 2020-12-02 21:09:23,871 - signal_shutdown [atexit]
INFO 2020-12-02 21:09:45,089 - Process is started...
INFO 2020-12-02 21:09:45,090 - Trying to spawn object officechair in fournitures...
INFO 2020-12-02 21:09:45,090 - Trying to generate position...
INFO 2020-12-02 21:09:45,302 - success: True
status_message: "SpawnEntity: Successfully spawned entity"
INFO 2020-12-02 21:09:45,303 - Succesfully spawned fournitures/officechair model at position: 
  x: -1.09458351329
  y: 0.0814941461703
  z: 0.5121659993882489
orientation: 
  x: -0.993187828556447
  y: -0.1165244060586863
  z: 7.135062045115832e-18
  w: 6.081521475968815e-17 position
INFO 2020-12-02 21:09:45,303 - signal_shutdown [atexit]
INFO 2020-12-02 21:10:21,617 - Process is started...
INFO 2020-12-02 21:10:21,619 - Trying to spawn object screensupport in fournitures...
INFO 2020-12-02 21:10:21,619 - Trying to generate position...
INFO 2020-12-02 21:10:21,848 - success: True
status_message: "SpawnEntity: Successfully spawned entity"
INFO 2020-12-02 21:10:21,848 - Succesfully spawned fournitures/screensupport model at position: 
  x: -2.12078862857
  y: 1.74960475576
  z: 0.9895483977037034
orientation: 
  x: -0.8236306111795273
  y: -0.5671266316512021
  z: 3.4726490708143236e-17
  w: 5.043282958303932e-17 position
INFO 2020-12-02 21:10:21,849 - signal_shutdown [atexit]
